Determining if the pthread_create exist failed with the following output:
Change Dir: /home/henricus/Documents/RobotLab/Workspace/Robot_Lab/build/CMakeFiles/CMakeTmp

Run Build Command:/usr/bin/make "cmTryCompileExec894300858/fast"
/usr/bin/make -f CMakeFiles/cmTryCompileExec894300858.dir/build.make CMakeFiles/cmTryCompileExec894300858.dir/build
make[1]: Entering directory `/home/henricus/Documents/RobotLab/Workspace/Robot_Lab/build/CMakeFiles/CMakeTmp'
/usr/bin/cmake -E cmake_progress_report /home/henricus/Documents/RobotLab/Workspace/Robot_Lab/build/CMakeFiles/CMakeTmp/CMakeFiles 1
Building C object CMakeFiles/cmTryCompileExec894300858.dir/CheckSymbolExists.c.o
/usr/bin/cc    -o CMakeFiles/cmTryCompileExec894300858.dir/CheckSymbolExists.c.o   -c /home/henricus/Documents/RobotLab/Workspace/Robot_Lab/build/CMakeFiles/CMakeTmp/CheckSymbolExists.c
Linking C executable cmTryCompileExec894300858
/usr/bin/cmake -E cmake_link_script CMakeFiles/cmTryCompileExec894300858.dir/link.txt --verbose=1
/usr/bin/cc       CMakeFiles/cmTryCompileExec894300858.dir/CheckSymbolExists.c.o  -o cmTryCompileExec894300858 -rdynamic 
CMakeFiles/cmTryCompileExec894300858.dir/CheckSymbolExists.c.o: In function `main':
CheckSymbolExists.c:(.text+0x16): undefined reference to `pthread_create'
collect2: error: ld returned 1 exit status
make[1]: *** [cmTryCompileExec894300858] Error 1
make[1]: Leaving directory `/home/henricus/Documents/RobotLab/Workspace/Robot_Lab/build/CMakeFiles/CMakeTmp'
make: *** [cmTryCompileExec894300858/fast] Error 2

File /home/henricus/Documents/RobotLab/Workspace/Robot_Lab/build/CMakeFiles/CMakeTmp/CheckSymbolExists.c:
/* */
#include <pthread.h>

int main(int argc, char** argv)
{
  (void)argv;
#ifndef pthread_create
  return ((int*)(&pthread_create))[argc];
#else
  (void)argc;
  return 0;
#endif
}

Determining if the function pthread_create exists in the pthreads failed with the following output:
Change Dir: /home/henricus/Documents/RobotLab/Workspace/Robot_Lab/build/CMakeFiles/CMakeTmp

Run Build Command:/usr/bin/make "cmTryCompileExec2513175070/fast"
/usr/bin/make -f CMakeFiles/cmTryCompileExec2513175070.dir/build.make CMakeFiles/cmTryCompileExec2513175070.dir/build
make[1]: Entering directory `/home/henricus/Documents/RobotLab/Workspace/Robot_Lab/build/CMakeFiles/CMakeTmp'
/usr/bin/cmake -E cmake_progress_report /home/henricus/Documents/RobotLab/Workspace/Robot_Lab/build/CMakeFiles/CMakeTmp/CMakeFiles 1
Building C object CMakeFiles/cmTryCompileExec2513175070.dir/CheckFunctionExists.c.o
/usr/bin/cc   -DCHECK_FUNCTION_EXISTS=pthread_create   -o CMakeFiles/cmTryCompileExec2513175070.dir/CheckFunctionExists.c.o   -c /usr/share/cmake-2.8/Modules/CheckFunctionExists.c
Linking C executable cmTryCompileExec2513175070
/usr/bin/cmake -E cmake_link_script CMakeFiles/cmTryCompileExec2513175070.dir/link.txt --verbose=1
/usr/bin/cc   -DCHECK_FUNCTION_EXISTS=pthread_create    CMakeFiles/cmTryCompileExec2513175070.dir/CheckFunctionExists.c.o  -o cmTryCompileExec2513175070 -rdynamic -lpthreads 
/usr/bin/ld: cannot find -lpthreads
collect2: error: ld returned 1 exit status
make[1]: *** [cmTryCompileExec2513175070] Error 1
make[1]: Leaving directory `/home/henricus/Documents/RobotLab/Workspace/Robot_Lab/build/CMakeFiles/CMakeTmp'
make: *** [cmTryCompileExec2513175070/fast] Error 2


